<?xml version="1.0" encoding="utf-8"?><testsuites name="pytest tests"><testsuite name="pytest" errors="0" failures="0" skipped="0" tests="14" time="3.000" timestamp="2026-07-14T05:55:58.230974+00:00" hostname="agent-env-785d7db7-5035-4ba8-9f51-6bb14185c330"><testcase classname="backend.tests.test_iteration3.TestUtilization" name="test_admin_can_get_utilization_week" time="0.516" /><testcase classname="backend.tests.test_iteration3.TestUtilization" name="test_admin_can_get_utilization_month" time="0.048" /><testcase classname="backend.tests.test_iteration3.TestUtilization" name="test_manager_can_get_utilization" time="0.367" /><testcase classname="backend.tests.test_iteration3.TestUtilization" name="test_user_forbidden" time="0.400" /><testcase classname="backend.tests.test_iteration3.TestUtilization" name="test_guest_forbidden" time="0.489" /><testcase classname="backend.tests.test_iteration3.TestNotifications" name="test_list_notifications_shape" time="0.054" /><testcase classname="backend.tests.test_iteration3.TestNotifications" name="test_overdue_creates_notification_and_lifecycle" time="0.395" /><testcase classname="backend.tests.test_iteration3.TestNotifications" name="test_users_see_only_their_own_notifications" time="0.200" /><testcase classname="backend.tests.test_iteration3.TestEmailLogging" name="test_admin_can_log_email_activity_shows_in_detail" time="0.200" /><testcase classname="backend.tests.test_iteration3.TestEmailLogging" name="test_guest_cannot_log_email" time="0.093" /><testcase classname="backend.tests.test_iteration3.TestRegressionLogins" name="test_admin_me" time="0.045" /><testcase classname="backend.tests.test_iteration3.TestRegressionLogins" name="test_manager_me" time="0.047" /><testcase classname="backend.tests.test_iteration3.TestRegressionLogins" name="test_user_me" time="0.054" /><testcase classname="backend.tests.test_iteration3.TestRegressionLogins" name="test_guest_me" time="0.047" /></testsuite></testsuites>