<?xml version="1.0" encoding="utf-8"?><testsuites name="pytest tests"><testsuite name="pytest" errors="0" failures="0" skipped="0" tests="18" time="7.275" timestamp="2026-07-14T05:09:42.372452+00:00" hostname="agent-env-785d7db7-5035-4ba8-9f51-6bb14185c330"><testcase classname="backend.tests.backend_test.TestHealth" name="test_health_endpoint" time="0.293" /><testcase classname="backend.tests.backend_test.TestAuth" name="test_login_seeded_accounts[admin@wespeak.ai-admin123-admin]" time="0.611" /><testcase classname="backend.tests.backend_test.TestAuth" name="test_login_seeded_accounts[manager@wespeak.ai-manager123-manager]" time="0.423" /><testcase classname="backend.tests.backend_test.TestAuth" name="test_login_seeded_accounts[user@wespeak.ai-user123-user]" time="0.377" /><testcase classname="backend.tests.backend_test.TestAuth" name="test_login_seeded_accounts[guest@wespeak.ai-guest123-guest]" time="0.378" /><testcase classname="backend.tests.backend_test.TestAuth" name="test_login_invalid_password" time="0.334" /><testcase classname="backend.tests.backend_test.TestAuth" name="test_register_new_user" time="0.759" /><testcase classname="backend.tests.backend_test.TestContacts" name="test_contacts_full_crud" time="0.742" /><testcase classname="backend.tests.backend_test.TestCompanies" name="test_companies_full_crud" time="0.218" /><testcase classname="backend.tests.backend_test.TestDeals" name="test_deals_full_crud_and_stage" time="0.261" /><testcase classname="backend.tests.backend_test.TestProjects" name="test_projects_full_crud" time="0.200" /><testcase classname="backend.tests.backend_test.TestActivities" name="test_activities_full_crud_and_toggle" time="0.392" /><testcase classname="backend.tests.backend_test.TestDashboard" name="test_dashboard_stats" time="0.057" /><testcase classname="backend.tests.backend_test.TestRBAC" name="test_guest_read_allowed" time="0.702" /><testcase classname="backend.tests.backend_test.TestRBAC" name="test_guest_write_blocked" time="0.260" /><testcase classname="backend.tests.backend_test.TestRBAC" name="test_admin_only_users_endpoint" time="0.558" /><testcase classname="backend.tests.backend_test.TestAdminUserMgmt" name="test_admin_create_update_and_self_delete_block" time="0.461" /><testcase classname="backend.tests.backend_test.TestAI" name="test_ai_command_no_key" time="0.192" /></testsuite></testsuites>