<?xml version="1.0" encoding="utf-8"?><testsuites name="pytest tests"><testsuite name="pytest" errors="0" failures="0" skipped="0" tests="35" time="10.007" timestamp="2026-07-14T05:32:47.523000+00:00" hostname="agent-env-785d7db7-5035-4ba8-9f51-6bb14185c330"><testcase classname="backend.tests.test_iteration2.TestProjectTimeTracking" name="test_project_lists_include_health_and_logged_hours" time="0.638" /><testcase classname="backend.tests.test_iteration2.TestProjectTimeTracking" name="test_log_time_and_detail_and_delete" time="0.387" /><testcase classname="backend.tests.test_iteration2.TestProjectTimeTracking" name="test_health_over_budget" time="0.215" /><testcase classname="backend.tests.test_iteration2.TestProjectTimeTracking" name="test_health_completed" time="0.168" /><testcase classname="backend.tests.test_iteration2.TestDetailEndpoints" name="test_contact_detail" time="0.117" /><testcase classname="backend.tests.test_iteration2.TestDetailEndpoints" name="test_company_detail" time="0.114" /><testcase classname="backend.tests.test_iteration2.TestDetailEndpoints" name="test_deal_detail" time="0.103" /><testcase classname="backend.tests.test_iteration2.TestDetailEndpoints" name="test_detail_404" time="0.214" /><testcase classname="backend.tests.test_iteration2.TestCSVExport" name="test_export_endpoints[/api/export/contacts.csv-expected_headers0]" time="0.050" /><testcase classname="backend.tests.test_iteration2.TestCSVExport" name="test_export_endpoints[/api/export/companies.csv-expected_headers1]" time="0.052" /><testcase classname="backend.tests.test_iteration2.TestCSVExport" name="test_export_endpoints[/api/export/deals.csv-expected_headers2]" time="0.049" /><testcase classname="backend.tests.test_iteration2.TestCSVExport" name="test_export_endpoints[/api/export/projects.csv-expected_headers3]" time="0.050" /><testcase classname="backend.tests.test_iteration2.TestCSVImport" name="test_import_contacts_creates_contacts_and_companies" time="0.715" /><testcase classname="backend.tests.test_iteration2.TestCSVImport" name="test_import_rejects_non_csv" time="0.369" /><testcase classname="backend.tests.test_iteration2.TestNewEndpointRBAC" name="test_guest_can_read_details_and_exports" time="0.639" /><testcase classname="backend.tests.test_iteration2.TestNewEndpointRBAC" name="test_guest_blocked_from_time_and_import" time="0.203" /><testcase classname="backend.tests.test_iteration2.TestProjectDetailForSeeded" name="test_seeded_project_detail_shape" time="0.104" /><testcase classname="backend.tests.backend_test.TestHealth" name="test_health_endpoint" time="0.091" /><testcase classname="backend.tests.backend_test.TestAuth" name="test_login_seeded_accounts[admin@wespeak.ai-admin123-admin]" time="0.369" /><testcase classname="backend.tests.backend_test.TestAuth" name="test_login_seeded_accounts[manager@wespeak.ai-manager123-manager]" time="0.367" /><testcase classname="backend.tests.backend_test.TestAuth" name="test_login_seeded_accounts[user@wespeak.ai-user123-user]" time="0.461" /><testcase classname="backend.tests.backend_test.TestAuth" name="test_login_seeded_accounts[guest@wespeak.ai-guest123-guest]" time="0.369" /><testcase classname="backend.tests.backend_test.TestAuth" name="test_login_invalid_password" time="0.322" /><testcase classname="backend.tests.backend_test.TestAuth" name="test_register_new_user" time="0.716" /><testcase classname="backend.tests.backend_test.TestContacts" name="test_contacts_full_crud" time="0.419" /><testcase classname="backend.tests.backend_test.TestCompanies" name="test_companies_full_crud" time="0.216" /><testcase classname="backend.tests.backend_test.TestDeals" name="test_deals_full_crud_and_stage" time="0.278" /><testcase classname="backend.tests.backend_test.TestProjects" name="test_projects_full_crud" time="0.217" /><testcase classname="backend.tests.backend_test.TestActivities" name="test_activities_full_crud_and_toggle" time="0.263" /><testcase classname="backend.tests.backend_test.TestDashboard" name="test_dashboard_stats" time="0.056" /><testcase classname="backend.tests.backend_test.TestRBAC" name="test_guest_read_allowed" time="0.286" /><testcase classname="backend.tests.backend_test.TestRBAC" name="test_guest_write_blocked" time="0.232" /><testcase classname="backend.tests.backend_test.TestRBAC" name="test_admin_only_users_endpoint" time="0.537" /><testcase classname="backend.tests.backend_test.TestAdminUserMgmt" name="test_admin_create_update_and_self_delete_block" time="0.500" /><testcase classname="backend.tests.backend_test.TestAI" name="test_ai_command_no_key" time="0.053" /></testsuite></testsuites>